<?xml version="1.0" encoding="UTF-8"?>
<testsuite xmlns:xsi="http://www.w3.org/2001/XMLSchema-instance" xsi:noNamespaceSchemaLocation="https://maven.apache.org/surefire/maven-surefire-plugin/xsd/surefire-test-report.xsd" name="TestSuite" time="1,233.095" tests="13" errors="0" skipped="10" failures="2">
  <properties>
    <property name="sun.desktop" value="windows"/>
    <property name="awt.toolkit" value="sun.awt.windows.WToolkit"/>
    <property name="java.specification.version" value="11"/>
    <property name="sun.cpu.isalist" value="amd64"/>
    <property name="sun.jnu.encoding" value="Cp1252"/>
    <property name="java.class.path" value="F:\Ireland\Java_Programs\FreeCrmTest\target\test-classes;F:\Ireland\Java_Programs\FreeCrmTest\target\classes;C:\WINDOWS\system32\config\systemprofile\.m2\repository\junit\junit\4.11\junit-4.11.jar;C:\WINDOWS\system32\config\systemprofile\.m2\repository\org\hamcrest\hamcrest-core\1.3\hamcrest-core-1.3.jar;C:\WINDOWS\system32\config\systemprofile\.m2\repository\org\seleniumhq\selenium\selenium-java\3.141.59\selenium-java-3.141.59.jar;C:\WINDOWS\system32\config\systemprofile\.m2\repository\org\seleniumhq\selenium\selenium-api\3.141.59\selenium-api-3.141.59.jar;C:\WINDOWS\system32\config\systemprofile\.m2\repository\org\seleniumhq\selenium\selenium-edge-driver\3.141.59\selenium-edge-driver-3.141.59.jar;C:\WINDOWS\system32\config\systemprofile\.m2\repository\org\seleniumhq\selenium\selenium-firefox-driver\3.141.59\selenium-firefox-driver-3.141.59.jar;C:\WINDOWS\system32\config\systemprofile\.m2\repository\org\seleniumhq\selenium\selenium-ie-driver\3.141.59\selenium-ie-driver-3.141.59.jar;C:\WINDOWS\system32\config\systemprofile\.m2\repository\org\seleniumhq\selenium\selenium-opera-driver\3.141.59\selenium-opera-driver-3.141.59.jar;C:\WINDOWS\system32\config\systemprofile\.m2\repository\org\seleniumhq\selenium\selenium-remote-driver\3.141.59\selenium-remote-driver-3.141.59.jar;C:\WINDOWS\system32\config\systemprofile\.m2\repository\org\seleniumhq\selenium\selenium-safari-driver\3.141.59\selenium-safari-driver-3.141.59.jar;C:\WINDOWS\system32\config\systemprofile\.m2\repository\org\seleniumhq\selenium\selenium-support\3.141.59\selenium-support-3.141.59.jar;C:\WINDOWS\system32\config\systemprofile\.m2\repository\net\bytebuddy\byte-buddy\1.8.15\byte-buddy-1.8.15.jar;C:\WINDOWS\system32\config\systemprofile\.m2\repository\org\apache\commons\commons-exec\1.3\commons-exec-1.3.jar;C:\WINDOWS\system32\config\systemprofile\.m2\repository\com\google\guava\guava\25.0-jre\guava-25.0-jre.jar;C:\WINDOWS\system32\config\systemprofile\.m2\repository\com\google\code\findbugs\jsr305\1.3.9\jsr305-1.3.9.jar;C:\WINDOWS\system32\config\systemprofile\.m2\repository\org\checkerframework\checker-compat-qual\2.0.0\checker-compat-qual-2.0.0.jar;C:\WINDOWS\system32\config\systemprofile\.m2\repository\com\google\errorprone\error_prone_annotations\2.1.3\error_prone_annotations-2.1.3.jar;C:\WINDOWS\system32\config\systemprofile\.m2\repository\com\google\j2objc\j2objc-annotations\1.1\j2objc-annotations-1.1.jar;C:\WINDOWS\system32\config\systemprofile\.m2\repository\org\codehaus\mojo\animal-sniffer-annotations\1.14\animal-sniffer-annotations-1.14.jar;C:\WINDOWS\system32\config\systemprofile\.m2\repository\com\squareup\okhttp3\okhttp\3.11.0\okhttp-3.11.0.jar;C:\WINDOWS\system32\config\systemprofile\.m2\repository\com\squareup\okio\okio\1.14.0\okio-1.14.0.jar;C:\WINDOWS\system32\config\systemprofile\.m2\repository\org\testng\testng\7.1.0\testng-7.1.0.jar;C:\WINDOWS\system32\config\systemprofile\.m2\repository\com\beust\jcommander\1.72\jcommander-1.72.jar;C:\WINDOWS\system32\config\systemprofile\.m2\repository\com\google\inject\guice\4.1.0\guice-4.1.0-no_aop.jar;C:\WINDOWS\system32\config\systemprofile\.m2\repository\javax\inject\javax.inject\1\javax.inject-1.jar;C:\WINDOWS\system32\config\systemprofile\.m2\repository\aopalliance\aopalliance\1.0\aopalliance-1.0.jar;C:\WINDOWS\system32\config\systemprofile\.m2\repository\org\yaml\snakeyaml\1.21\snakeyaml-1.21.jar;C:\WINDOWS\system32\config\systemprofile\.m2\repository\com\aventstack\extentreports\5.0.1\extentreports-5.0.1.jar;C:\WINDOWS\system32\config\systemprofile\.m2\repository\io\reactivex\rxjava3\rxjava\3.0.4\rxjava-3.0.4.jar;C:\WINDOWS\system32\config\systemprofile\.m2\repository\org\reactivestreams\reactive-streams\1.0.3\reactive-streams-1.0.3.jar;C:\WINDOWS\system32\config\systemprofile\.m2\repository\org\freemarker\freemarker\2.3.30\freemarker-2.3.30.jar;C:\WINDOWS\system32\config\systemprofile\.m2\repository\org\projectlombok\lombok\1.18.12\lombok-1.18.12.jar;C:\WINDOWS\system32\config\systemprofile\.m2\repository\com\google\code\gson\gson\2.8.6\gson-2.8.6.jar;C:\WINDOWS\system32\config\systemprofile\.m2\repository\org\apache\poi\poi\3.17\poi-3.17.jar;C:\WINDOWS\system32\config\systemprofile\.m2\repository\commons-codec\commons-codec\1.10\commons-codec-1.10.jar;C:\WINDOWS\system32\config\systemprofile\.m2\repository\org\apache\commons\commons-collections4\4.1\commons-collections4-4.1.jar;C:\WINDOWS\system32\config\systemprofile\.m2\repository\org\apache\poi\poi-ooxml\3.17\poi-ooxml-3.17.jar;C:\WINDOWS\system32\config\systemprofile\.m2\repository\org\apache\poi\poi-ooxml-schemas\3.17\poi-ooxml-schemas-3.17.jar;C:\WINDOWS\system32\config\systemprofile\.m2\repository\org\apache\xmlbeans\xmlbeans\2.6.0\xmlbeans-2.6.0.jar;C:\WINDOWS\system32\config\systemprofile\.m2\repository\stax\stax-api\1.0.1\stax-api-1.0.1.jar;C:\WINDOWS\system32\config\systemprofile\.m2\repository\com\github\virtuald\curvesapi\1.04\curvesapi-1.04.jar;C:\WINDOWS\system32\config\systemprofile\.m2\repository\log4j\log4j\1.2.17\log4j-1.2.17.jar;C:\WINDOWS\system32\config\systemprofile\.m2\repository\com\relevantcodes\extentreports\2.41.2\extentreports-2.41.2.jar;C:\WINDOWS\system32\config\systemprofile\.m2\repository\org\jsoup\jsoup\1.8.3\jsoup-1.8.3.jar;C:\WINDOWS\system32\config\systemprofile\.m2\repository\org\xerial\sqlite-jdbc\3.8.11.1\sqlite-jdbc-3.8.11.1.jar;C:\WINDOWS\system32\config\systemprofile\.m2\repository\org\mongodb\mongodb-driver\3.0.4\mongodb-driver-3.0.4.jar;C:\WINDOWS\system32\config\systemprofile\.m2\repository\org\mongodb\bson\3.0.4\bson-3.0.4.jar;C:\WINDOWS\system32\config\systemprofile\.m2\repository\org\mongodb\mongodb-driver-core\3.0.4\mongodb-driver-core-3.0.4.jar;C:\WINDOWS\system32\config\systemprofile\.m2\repository\io\github\bonigarcia\webdrivermanager\4.2.2\webdrivermanager-4.2.2.jar;C:\WINDOWS\system32\config\systemprofile\.m2\repository\org\slf4j\slf4j-api\1.7.30\slf4j-api-1.7.30.jar;C:\WINDOWS\system32\config\systemprofile\.m2\repository\commons-io\commons-io\2.8.0\commons-io-2.8.0.jar;C:\WINDOWS\system32\config\systemprofile\.m2\repository\org\apache\commons\commons-lang3\3.11\commons-lang3-3.11.jar;C:\WINDOWS\system32\config\systemprofile\.m2\repository\org\apache\httpcomponents\client5\httpclient5\5.0.1\httpclient5-5.0.1.jar;C:\WINDOWS\system32\config\systemprofile\.m2\repository\org\apache\httpcomponents\core5\httpcore5\5.0.1\httpcore5-5.0.1.jar;C:\WINDOWS\system32\config\systemprofile\.m2\repository\org\apache\httpcomponents\core5\httpcore5-h2\5.0.1\httpcore5-h2-5.0.1.jar;C:\WINDOWS\system32\config\systemprofile\.m2\repository\org\rauschig\jarchivelib\1.1.0\jarchivelib-1.1.0.jar;C:\WINDOWS\system32\config\systemprofile\.m2\repository\org\apache\commons\commons-compress\1.20\commons-compress-1.20.jar;C:\WINDOWS\system32\config\systemprofile\.m2\repository\org\seleniumhq\selenium\selenium-chrome-driver\3.141.59\selenium-chrome-driver-3.141.59.jar;"/>
    <property name="java.vm.vendor" value="Oracle Corporation"/>
    <property name="sun.arch.data.model" value="64"/>
    <property name="user.variant" value=""/>
    <property name="java.vendor.url" value="https://openjdk.java.net/"/>
    <property name="user.timezone" value="Europe/London"/>
    <property name="java.vm.specification.version" value="11"/>
    <property name="os.name" value="Windows 10"/>
    <property name="sun.java.launcher" value="SUN_STANDARD"/>
    <property name="user.country" value="US"/>
    <property name="sun.boot.library.path" value="C:\Program Files\Java\jdk-11.0.9\bin"/>
    <property name="sun.java.command" value="C:\WINDOWS\TEMP\surefire12329694164692651565\surefirebooter2917978188061580937.jar C:\Windows\Temp\surefire12329694164692651565 2021-02-08T13-00-01_781-jvmRun1 surefire5799535276008728483tmp surefire_09979100584191460153tmp"/>
    <property name="jdk.debug" value="release"/>
    <property name="surefire.test.class.path" value="F:\Ireland\Java_Programs\FreeCrmTest\target\test-classes;F:\Ireland\Java_Programs\FreeCrmTest\target\classes;C:\WINDOWS\system32\config\systemprofile\.m2\repository\junit\junit\4.11\junit-4.11.jar;C:\WINDOWS\system32\config\systemprofile\.m2\repository\org\hamcrest\hamcrest-core\1.3\hamcrest-core-1.3.jar;C:\WINDOWS\system32\config\systemprofile\.m2\repository\org\seleniumhq\selenium\selenium-java\3.141.59\selenium-java-3.141.59.jar;C:\WINDOWS\system32\config\systemprofile\.m2\repository\org\seleniumhq\selenium\selenium-api\3.141.59\selenium-api-3.141.59.jar;C:\WINDOWS\system32\config\systemprofile\.m2\repository\org\seleniumhq\selenium\selenium-edge-driver\3.141.59\selenium-edge-driver-3.141.59.jar;C:\WINDOWS\system32\config\systemprofile\.m2\repository\org\seleniumhq\selenium\selenium-firefox-driver\3.141.59\selenium-firefox-driver-3.141.59.jar;C:\WINDOWS\system32\config\systemprofile\.m2\repository\org\seleniumhq\selenium\selenium-ie-driver\3.141.59\selenium-ie-driver-3.141.59.jar;C:\WINDOWS\system32\config\systemprofile\.m2\repository\org\seleniumhq\selenium\selenium-opera-driver\3.141.59\selenium-opera-driver-3.141.59.jar;C:\WINDOWS\system32\config\systemprofile\.m2\repository\org\seleniumhq\selenium\selenium-remote-driver\3.141.59\selenium-remote-driver-3.141.59.jar;C:\WINDOWS\system32\config\systemprofile\.m2\repository\org\seleniumhq\selenium\selenium-safari-driver\3.141.59\selenium-safari-driver-3.141.59.jar;C:\WINDOWS\system32\config\systemprofile\.m2\repository\org\seleniumhq\selenium\selenium-support\3.141.59\selenium-support-3.141.59.jar;C:\WINDOWS\system32\config\systemprofile\.m2\repository\net\bytebuddy\byte-buddy\1.8.15\byte-buddy-1.8.15.jar;C:\WINDOWS\system32\config\systemprofile\.m2\repository\org\apache\commons\commons-exec\1.3\commons-exec-1.3.jar;C:\WINDOWS\system32\config\systemprofile\.m2\repository\com\google\guava\guava\25.0-jre\guava-25.0-jre.jar;C:\WINDOWS\system32\config\systemprofile\.m2\repository\com\google\code\findbugs\jsr305\1.3.9\jsr305-1.3.9.jar;C:\WINDOWS\system32\config\systemprofile\.m2\repository\org\checkerframework\checker-compat-qual\2.0.0\checker-compat-qual-2.0.0.jar;C:\WINDOWS\system32\config\systemprofile\.m2\repository\com\google\errorprone\error_prone_annotations\2.1.3\error_prone_annotations-2.1.3.jar;C:\WINDOWS\system32\config\systemprofile\.m2\repository\com\google\j2objc\j2objc-annotations\1.1\j2objc-annotations-1.1.jar;C:\WINDOWS\system32\config\systemprofile\.m2\repository\org\codehaus\mojo\animal-sniffer-annotations\1.14\animal-sniffer-annotations-1.14.jar;C:\WINDOWS\system32\config\systemprofile\.m2\repository\com\squareup\okhttp3\okhttp\3.11.0\okhttp-3.11.0.jar;C:\WINDOWS\system32\config\systemprofile\.m2\repository\com\squareup\okio\okio\1.14.0\okio-1.14.0.jar;C:\WINDOWS\system32\config\systemprofile\.m2\repository\org\testng\testng\7.1.0\testng-7.1.0.jar;C:\WINDOWS\system32\config\systemprofile\.m2\repository\com\beust\jcommander\1.72\jcommander-1.72.jar;C:\WINDOWS\system32\config\systemprofile\.m2\repository\com\google\inject\guice\4.1.0\guice-4.1.0-no_aop.jar;C:\WINDOWS\system32\config\systemprofile\.m2\repository\javax\inject\javax.inject\1\javax.inject-1.jar;C:\WINDOWS\system32\config\systemprofile\.m2\repository\aopalliance\aopalliance\1.0\aopalliance-1.0.jar;C:\WINDOWS\system32\config\systemprofile\.m2\repository\org\yaml\snakeyaml\1.21\snakeyaml-1.21.jar;C:\WINDOWS\system32\config\systemprofile\.m2\repository\com\aventstack\extentreports\5.0.1\extentreports-5.0.1.jar;C:\WINDOWS\system32\config\systemprofile\.m2\repository\io\reactivex\rxjava3\rxjava\3.0.4\rxjava-3.0.4.jar;C:\WINDOWS\system32\config\systemprofile\.m2\repository\org\reactivestreams\reactive-streams\1.0.3\reactive-streams-1.0.3.jar;C:\WINDOWS\system32\config\systemprofile\.m2\repository\org\freemarker\freemarker\2.3.30\freemarker-2.3.30.jar;C:\WINDOWS\system32\config\systemprofile\.m2\repository\org\projectlombok\lombok\1.18.12\lombok-1.18.12.jar;C:\WINDOWS\system32\config\systemprofile\.m2\repository\com\google\code\gson\gson\2.8.6\gson-2.8.6.jar;C:\WINDOWS\system32\config\systemprofile\.m2\repository\org\apache\poi\poi\3.17\poi-3.17.jar;C:\WINDOWS\system32\config\systemprofile\.m2\repository\commons-codec\commons-codec\1.10\commons-codec-1.10.jar;C:\WINDOWS\system32\config\systemprofile\.m2\repository\org\apache\commons\commons-collections4\4.1\commons-collections4-4.1.jar;C:\WINDOWS\system32\config\systemprofile\.m2\repository\org\apache\poi\poi-ooxml\3.17\poi-ooxml-3.17.jar;C:\WINDOWS\system32\config\systemprofile\.m2\repository\org\apache\poi\poi-ooxml-schemas\3.17\poi-ooxml-schemas-3.17.jar;C:\WINDOWS\system32\config\systemprofile\.m2\repository\org\apache\xmlbeans\xmlbeans\2.6.0\xmlbeans-2.6.0.jar;C:\WINDOWS\system32\config\systemprofile\.m2\repository\stax\stax-api\1.0.1\stax-api-1.0.1.jar;C:\WINDOWS\system32\config\systemprofile\.m2\repository\com\github\virtuald\curvesapi\1.04\curvesapi-1.04.jar;C:\WINDOWS\system32\config\systemprofile\.m2\repository\log4j\log4j\1.2.17\log4j-1.2.17.jar;C:\WINDOWS\system32\config\systemprofile\.m2\repository\com\relevantcodes\extentreports\2.41.2\extentreports-2.41.2.jar;C:\WINDOWS\system32\config\systemprofile\.m2\repository\org\jsoup\jsoup\1.8.3\jsoup-1.8.3.jar;C:\WINDOWS\system32\config\systemprofile\.m2\repository\org\xerial\sqlite-jdbc\3.8.11.1\sqlite-jdbc-3.8.11.1.jar;C:\WINDOWS\system32\config\systemprofile\.m2\repository\org\mongodb\mongodb-driver\3.0.4\mongodb-driver-3.0.4.jar;C:\WINDOWS\system32\config\systemprofile\.m2\repository\org\mongodb\bson\3.0.4\bson-3.0.4.jar;C:\WINDOWS\system32\config\systemprofile\.m2\repository\org\mongodb\mongodb-driver-core\3.0.4\mongodb-driver-core-3.0.4.jar;C:\WINDOWS\system32\config\systemprofile\.m2\repository\io\github\bonigarcia\webdrivermanager\4.2.2\webdrivermanager-4.2.2.jar;C:\WINDOWS\system32\config\systemprofile\.m2\repository\org\slf4j\slf4j-api\1.7.30\slf4j-api-1.7.30.jar;C:\WINDOWS\system32\config\systemprofile\.m2\repository\commons-io\commons-io\2.8.0\commons-io-2.8.0.jar;C:\WINDOWS\system32\config\systemprofile\.m2\repository\org\apache\commons\commons-lang3\3.11\commons-lang3-3.11.jar;C:\WINDOWS\system32\config\systemprofile\.m2\repository\org\apache\httpcomponents\client5\httpclient5\5.0.1\httpclient5-5.0.1.jar;C:\WINDOWS\system32\config\systemprofile\.m2\repository\org\apache\httpcomponents\core5\httpcore5\5.0.1\httpcore5-5.0.1.jar;C:\WINDOWS\system32\config\systemprofile\.m2\repository\org\apache\httpcomponents\core5\httpcore5-h2\5.0.1\httpcore5-h2-5.0.1.jar;C:\WINDOWS\system32\config\systemprofile\.m2\repository\org\rauschig\jarchivelib\1.1.0\jarchivelib-1.1.0.jar;C:\WINDOWS\system32\config\systemprofile\.m2\repository\org\apache\commons\commons-compress\1.20\commons-compress-1.20.jar;C:\WINDOWS\system32\config\systemprofile\.m2\repository\org\seleniumhq\selenium\selenium-chrome-driver\3.141.59\selenium-chrome-driver-3.141.59.jar;"/>
    <property name="sun.cpu.endian" value="little"/>
    <property name="user.home" value="C:\WINDOWS\system32\config\systemprofile"/>
    <property name="user.language" value="en"/>
    <property name="java.specification.vendor" value="Oracle Corporation"/>
    <property name="java.version.date" value="2020-10-20"/>
    <property name="java.home" value="C:\Program Files\Java\jdk-11.0.9"/>
    <property name="file.separator" value="\"/>
    <property name="basedir" value="F:\Ireland\Java_Programs\FreeCrmTest"/>
    <property name="java.vm.compressedOopsMode" value="Zero based"/>
    <property name="line.separator" value="&#10;"/>
    <property name="java.specification.name" value="Java Platform API Specification"/>
    <property name="java.vm.specification.vendor" value="Oracle Corporation"/>
    <property name="java.awt.graphicsenv" value="sun.awt.Win32GraphicsEnvironment"/>
    <property name="surefire.real.class.path" value="C:\WINDOWS\TEMP\surefire12329694164692651565\surefirebooter2917978188061580937.jar"/>
    <property name="user.script" value=""/>
    <property name="sun.management.compiler" value="HotSpot 64-Bit Tiered Compilers"/>
    <property name="java.runtime.version" value="11.0.9+7-LTS"/>
    <property name="user.name" value="LENOVO-PC$"/>
    <property name="path.separator" value=";"/>
    <property name="os.version" value="10.0"/>
    <property name="java.runtime.name" value="Java(TM) SE Runtime Environment"/>
    <property name="file.encoding" value="Cp1252"/>
    <property name="java.vm.name" value="Java HotSpot(TM) 64-Bit Server VM"/>
    <property name="java.vendor.version" value="18.9"/>
    <property name="localRepository" value="C:\WINDOWS\system32\config\systemprofile\.m2\repository"/>
    <property name="java.vendor.url.bug" value="https://bugreport.java.com/bugreport/"/>
    <property name="java.io.tmpdir" value="C:\WINDOWS\TEMP\"/>
    <property name="java.version" value="11.0.9"/>
    <property name="user.dir" value="F:\Ireland\Java_Programs\FreeCrmTest"/>
    <property name="os.arch" value="amd64"/>
    <property name="java.vm.specification.name" value="Java Virtual Machine Specification"/>
    <property name="java.awt.printerjob" value="sun.awt.windows.WPrinterJob"/>
    <property name="sun.os.patch.level" value=""/>
    <property name="java.library.path" value="C:\Program Files\Java\jdk-11.0.9\bin;C:\WINDOWS\Sun\Java\bin;C:\WINDOWS\system32;C:\WINDOWS;C:\WINDOWS\system32\config\systemprofile\AppData\Local\Jenkins\.jenkins\tools\hudson.tasks.Maven_MavenInstallation\MAVEN_HOME/bin;C:\Program Files\Java\jdk-11.0.9/bin;C:\Program Files\Java\jdk-11.0.9/bin;C:\Program Files\Common Files\Oracle\Java\javapath;C:\oraclexe\app\oracle\product\10.2.0\server\bin;C:\WINDOWS\system32;C:\WINDOWS;C:\WINDOWS\System32\Wbem;C:\WINDOWS\System32\WindowsPowerShell\v1.0\;C:\WINDOWS\System32\OpenSSH\;C:\Program Files\Java\jdk-14.0.1\bin;C:\Program Files\Git\cmd;C:\WINDOWS\system32\config\systemprofile\AppData\Local\Microsoft\WindowsApps;."/>
    <property name="java.vendor" value="Oracle Corporation"/>
    <property name="java.vm.info" value="mixed mode"/>
    <property name="java.vm.version" value="11.0.9+7-LTS"/>
    <property name="sun.io.unicode.encoding" value="UnicodeLittle"/>
    <property name="java.class.version" value="55.0"/>
  </properties>
  <testcase name="verifyHomePageTitleTest" classname="com.crm.qa.testcases.HomePageTest" time="0.102"/>
  <testcase name="setup" classname="com.crm.qa.testcases.HomePageTest" time="607.213">
    <failure message="session not created&#10;from timeout: Timed out receiving message from renderer: 600.000&#10;  (Session info: chrome=88.0.4324.104)&#10;Build info: version: &apos;3.141.59&apos;, revision: &apos;e82be7d358&apos;, time: &apos;2018-11-14T08:17:03&apos;&#10;System info: host: &apos;LENOVO-PC&apos;, ip: &apos;192.168.0.220&apos;, os.name: &apos;Windows 10&apos;, os.arch: &apos;amd64&apos;, os.version: &apos;10.0&apos;, java.version: &apos;11.0.9&apos;&#10;Driver info: driver.version: ChromeDriver&#10;remote stacktrace: Backtrace:&#10;	GetHandleVerifier [0x00CEB963+483]&#10;	GetHandleVerifier [0x00CEB941+449]&#10;	GetHandleVerifier [0x01093308+3832712]&#10;	GetHandleVerifier [0x0108778C+3784716]&#10;	GetHandleVerifier [0x01086A47+3781319]&#10;	GetHandleVerifier [0x01086E36+3782326]&#10;	GetHandleVerifier [0x01086765+3780581]&#10;	GetHandleVerifier [0x0108FB21+3818401]&#10;	GetHandleVerifier [0x01086721+3780513]&#10;	GetHandleVerifier [0x010874B2+3783986]&#10;	GetHandleVerifier [0x01086A47+3781319]&#10;	GetHandleVerifier [0x01086E36+3782326]&#10;	GetHandleVerifier [0x01086765+3780581]&#10;	GetHandleVerifier [0x0108DF9C+3811356]&#10;	GetHandleVerifier [0x01086721+3780513]&#10;	GetHandleVerifier [0x010874B2+3783986]&#10;	GetHandleVerifier [0x01086A47+3781319]&#10;	GetHandleVerifier [0x01086E36+3782326]&#10;	GetHandleVerifier [0x01086765+3780581]&#10;	GetHandleVerifier [0x0108C392+3804178]&#10;	GetHandleVerifier [0x01086721+3780513]&#10;	GetHandleVerifier [0x010874B2+3783986]&#10;	GetHandleVerifier [0x01086A47+3781319]&#10;	GetHandleVerifier [0x01086E36+3782326]&#10;	GetHandleVerifier [0x01086765+3780581]&#10;	GetHandleVerifier [0x0108B655+3800789]&#10;	GetHandleVerifier [0x01086721+3780513]&#10;	GetHandleVerifier [0x010874B2+3783986]&#10;	GetHandleVerifier [0x01086A47+3781319]&#10;	GetHandleVerifier [0x01086E36+3782326]&#10;	GetHandleVerifier [0x01086765+3780581]&#10;	GetHandleVerifier [0x01082F46+3766214]&#10;	GetHandleVerifier [0x01086721+3780513]&#10;	GetHandleVerifier [0x01086543+3780035]&#10;	GetHandleVerifier [0x01086337+3779511]&#10;	GetHandleVerifier [0x01094540+3837376]&#10;	GetHandleVerifier [0x010CF4BC+4078908]&#10;	GetHandleVerifier [0x010CE56C+4074988]&#10;	GetHandleVerifier [0x010CB2EB+4062059]&#10;	GetHandleVerifier [0x010AED14+3945876]&#10;	GetHandleVerifier [0x010AFBCE+3949646]&#10;	GetHandleVerifier [0x010AFB59+3949529]&#10;	Ordinal0 [0x00CAB5CC+46540]&#10;	Ordinal0 [0x00CA9F53+40787]&#10;	Ordinal0 [0x00CA9B12+39698]&#10;	GetHandleVerifier [0x00FB1468+2907368]&#10;	GetHandleVerifier [0x00DF71EE+1096302]&#10;	GetHandleVerifier [0x00DB3E8D+821005]&#10;	GetHandleVerifier [0x00DB396B+819691]&#10;	GetHandleVerifier [0x00DB3881+819457]&#10;	GetHandleVerifier [0x00DDF463+998627]&#10;	BaseThreadInitThunk [0x75306359+25]&#10;	RtlGetAppContainerNamedObjectPath [0x77A38944+228]&#10;	RtlGetAppContainerNamedObjectPath [0x77A38914+180]&#10;" type="org.openqa.selenium.SessionNotCreatedException">org.openqa.selenium.SessionNotCreatedException: 
session not created
from timeout: Timed out receiving message from renderer: 600.000
  (Session info: chrome=88.0.4324.104)
Build info: version: '3.141.59', revision: 'e82be7d358', time: '2018-11-14T08:17:03'
System info: host: 'LENOVO-PC', ip: '192.168.0.220', os.name: 'Windows 10', os.arch: 'amd64', os.version: '10.0', java.version: '11.0.9'
Driver info: driver.version: ChromeDriver
remote stacktrace: Backtrace:
	GetHandleVerifier [0x00CEB963+483]
	GetHandleVerifier [0x00CEB941+449]
	GetHandleVerifier [0x01093308+3832712]
	GetHandleVerifier [0x0108778C+3784716]
	GetHandleVerifier [0x01086A47+3781319]
	GetHandleVerifier [0x01086E36+3782326]
	GetHandleVerifier [0x01086765+3780581]
	GetHandleVerifier [0x0108FB21+3818401]
	GetHandleVerifier [0x01086721+3780513]
	GetHandleVerifier [0x010874B2+3783986]
	GetHandleVerifier [0x01086A47+3781319]
	GetHandleVerifier [0x01086E36+3782326]
	GetHandleVerifier [0x01086765+3780581]
	GetHandleVerifier [0x0108DF9C+3811356]
	GetHandleVerifier [0x01086721+3780513]
	GetHandleVerifier [0x010874B2+3783986]
	GetHandleVerifier [0x01086A47+3781319]
	GetHandleVerifier [0x01086E36+3782326]
	GetHandleVerifier [0x01086765+3780581]
	GetHandleVerifier [0x0108C392+3804178]
	GetHandleVerifier [0x01086721+3780513]
	GetHandleVerifier [0x010874B2+3783986]
	GetHandleVerifier [0x01086A47+3781319]
	GetHandleVerifier [0x01086E36+3782326]
	GetHandleVerifier [0x01086765+3780581]
	GetHandleVerifier [0x0108B655+3800789]
	GetHandleVerifier [0x01086721+3780513]
	GetHandleVerifier [0x010874B2+3783986]
	GetHandleVerifier [0x01086A47+3781319]
	GetHandleVerifier [0x01086E36+3782326]
	GetHandleVerifier [0x01086765+3780581]
	GetHandleVerifier [0x01082F46+3766214]
	GetHandleVerifier [0x01086721+3780513]
	GetHandleVerifier [0x01086543+3780035]
	GetHandleVerifier [0x01086337+3779511]
	GetHandleVerifier [0x01094540+3837376]
	GetHandleVerifier [0x010CF4BC+4078908]
	GetHandleVerifier [0x010CE56C+4074988]
	GetHandleVerifier [0x010CB2EB+4062059]
	GetHandleVerifier [0x010AED14+3945876]
	GetHandleVerifier [0x010AFBCE+3949646]
	GetHandleVerifier [0x010AFB59+3949529]
	Ordinal0 [0x00CAB5CC+46540]
	Ordinal0 [0x00CA9F53+40787]
	Ordinal0 [0x00CA9B12+39698]
	GetHandleVerifier [0x00FB1468+2907368]
	GetHandleVerifier [0x00DF71EE+1096302]
	GetHandleVerifier [0x00DB3E8D+821005]
	GetHandleVerifier [0x00DB396B+819691]
	GetHandleVerifier [0x00DB3881+819457]
	GetHandleVerifier [0x00DDF463+998627]
	BaseThreadInitThunk [0x75306359+25]
	RtlGetAppContainerNamedObjectPath [0x77A38944+228]
	RtlGetAppContainerNamedObjectPath [0x77A38914+180]

	at com.crm.qa.testcases.HomePageTest.setup(HomePageTest.java:28)
</failure>
    <system-err><![CDATA[Starting ChromeDriver 88.0.4324.96 (68dba2d8a0b149a1d3afac56fa74648032bcf46b-refs/branch-heads/4324@{#1784}) on port 9243
Only local connections are allowed.
Please see https://chromedriver.chromium.org/security-considerations for suggestions on keeping ChromeDriver safe.
ChromeDriver was started successfully.
[1612789832.154][SEVERE]: Timed out receiving message from renderer: 600.000
]]></system-err>
  </testcase>
  <testcase name="setup" classname="com.crm.qa.testcases.HomePageTest" time="0">
    <skipped/>
  </testcase>
  <testcase name="verifyUserNameTest" classname="com.crm.qa.testcases.HomePageTest" time="0">
    <skipped message="session not created&#10;from timeout: Timed out receiving message from renderer: 600.000&#10;  (Session info: chrome=88.0.4324.104)&#10;Build info: version: &apos;3.141.59&apos;, revision: &apos;e82be7d358&apos;, time: &apos;2018-11-14T08:17:03&apos;&#10;System info: host: &apos;LENOVO-PC&apos;, ip: &apos;192.168.0.220&apos;, os.name: &apos;Windows 10&apos;, os.arch: &apos;amd64&apos;, os.version: &apos;10.0&apos;, java.version: &apos;11.0.9&apos;&#10;Driver info: driver.version: ChromeDriver&#10;remote stacktrace: Backtrace:&#10;	GetHandleVerifier [0x00CEB963+483]&#10;	GetHandleVerifier [0x00CEB941+449]&#10;	GetHandleVerifier [0x01093308+3832712]&#10;	GetHandleVerifier [0x0108778C+3784716]&#10;	GetHandleVerifier [0x01086A47+3781319]&#10;	GetHandleVerifier [0x01086E36+3782326]&#10;	GetHandleVerifier [0x01086765+3780581]&#10;	GetHandleVerifier [0x0108FB21+3818401]&#10;	GetHandleVerifier [0x01086721+3780513]&#10;	GetHandleVerifier [0x010874B2+3783986]&#10;	GetHandleVerifier [0x01086A47+3781319]&#10;	GetHandleVerifier [0x01086E36+3782326]&#10;	GetHandleVerifier [0x01086765+3780581]&#10;	GetHandleVerifier [0x0108DF9C+3811356]&#10;	GetHandleVerifier [0x01086721+3780513]&#10;	GetHandleVerifier [0x010874B2+3783986]&#10;	GetHandleVerifier [0x01086A47+3781319]&#10;	GetHandleVerifier [0x01086E36+3782326]&#10;	GetHandleVerifier [0x01086765+3780581]&#10;	GetHandleVerifier [0x0108C392+3804178]&#10;	GetHandleVerifier [0x01086721+3780513]&#10;	GetHandleVerifier [0x010874B2+3783986]&#10;	GetHandleVerifier [0x01086A47+3781319]&#10;	GetHandleVerifier [0x01086E36+3782326]&#10;	GetHandleVerifier [0x01086765+3780581]&#10;	GetHandleVerifier [0x0108B655+3800789]&#10;	GetHandleVerifier [0x01086721+3780513]&#10;	GetHandleVerifier [0x010874B2+3783986]&#10;	GetHandleVerifier [0x01086A47+3781319]&#10;	GetHandleVerifier [0x01086E36+3782326]&#10;	GetHandleVerifier [0x01086765+3780581]&#10;	GetHandleVerifier [0x01082F46+3766214]&#10;	GetHandleVerifier [0x01086721+3780513]&#10;	GetHandleVerifier [0x01086543+3780035]&#10;	GetHandleVerifier [0x01086337+3779511]&#10;	GetHandleVerifier [0x01094540+3837376]&#10;	GetHandleVerifier [0x010CF4BC+4078908]&#10;	GetHandleVerifier [0x010CE56C+4074988]&#10;	GetHandleVerifier [0x010CB2EB+4062059]&#10;	GetHandleVerifier [0x010AED14+3945876]&#10;	GetHandleVerifier [0x010AFBCE+3949646]&#10;	GetHandleVerifier [0x010AFB59+3949529]&#10;	Ordinal0 [0x00CAB5CC+46540]&#10;	Ordinal0 [0x00CA9F53+40787]&#10;	Ordinal0 [0x00CA9B12+39698]&#10;	GetHandleVerifier [0x00FB1468+2907368]&#10;	GetHandleVerifier [0x00DF71EE+1096302]&#10;	GetHandleVerifier [0x00DB3E8D+821005]&#10;	GetHandleVerifier [0x00DB396B+819691]&#10;	GetHandleVerifier [0x00DB3881+819457]&#10;	GetHandleVerifier [0x00DDF463+998627]&#10;	BaseThreadInitThunk [0x75306359+25]&#10;	RtlGetAppContainerNamedObjectPath [0x77A38944+228]&#10;	RtlGetAppContainerNamedObjectPath [0x77A38914+180]&#10;"/>
  </testcase>
  <testcase name="tearDown" classname="com.crm.qa.testcases.HomePageTest" time="0">
    <skipped/>
  </testcase>
  <testcase name="tearDown" classname="com.crm.qa.testcases.HomePageTest" time="0">
    <skipped/>
  </testcase>
  <testcase name="clickOnContactsPageTest" classname="com.crm.qa.testcases.HomePageTest" time="0">
    <skipped message="session not created&#10;from timeout: Timed out receiving message from renderer: 600.000&#10;  (Session info: chrome=88.0.4324.104)&#10;Build info: version: &apos;3.141.59&apos;, revision: &apos;e82be7d358&apos;, time: &apos;2018-11-14T08:17:03&apos;&#10;System info: host: &apos;LENOVO-PC&apos;, ip: &apos;192.168.0.220&apos;, os.name: &apos;Windows 10&apos;, os.arch: &apos;amd64&apos;, os.version: &apos;10.0&apos;, java.version: &apos;11.0.9&apos;&#10;Driver info: driver.version: ChromeDriver&#10;remote stacktrace: Backtrace:&#10;	GetHandleVerifier [0x00CEB963+483]&#10;	GetHandleVerifier [0x00CEB941+449]&#10;	GetHandleVerifier [0x01093308+3832712]&#10;	GetHandleVerifier [0x0108778C+3784716]&#10;	GetHandleVerifier [0x01086A47+3781319]&#10;	GetHandleVerifier [0x01086E36+3782326]&#10;	GetHandleVerifier [0x01086765+3780581]&#10;	GetHandleVerifier [0x0108FB21+3818401]&#10;	GetHandleVerifier [0x01086721+3780513]&#10;	GetHandleVerifier [0x010874B2+3783986]&#10;	GetHandleVerifier [0x01086A47+3781319]&#10;	GetHandleVerifier [0x01086E36+3782326]&#10;	GetHandleVerifier [0x01086765+3780581]&#10;	GetHandleVerifier [0x0108DF9C+3811356]&#10;	GetHandleVerifier [0x01086721+3780513]&#10;	GetHandleVerifier [0x010874B2+3783986]&#10;	GetHandleVerifier [0x01086A47+3781319]&#10;	GetHandleVerifier [0x01086E36+3782326]&#10;	GetHandleVerifier [0x01086765+3780581]&#10;	GetHandleVerifier [0x0108C392+3804178]&#10;	GetHandleVerifier [0x01086721+3780513]&#10;	GetHandleVerifier [0x010874B2+3783986]&#10;	GetHandleVerifier [0x01086A47+3781319]&#10;	GetHandleVerifier [0x01086E36+3782326]&#10;	GetHandleVerifier [0x01086765+3780581]&#10;	GetHandleVerifier [0x0108B655+3800789]&#10;	GetHandleVerifier [0x01086721+3780513]&#10;	GetHandleVerifier [0x010874B2+3783986]&#10;	GetHandleVerifier [0x01086A47+3781319]&#10;	GetHandleVerifier [0x01086E36+3782326]&#10;	GetHandleVerifier [0x01086765+3780581]&#10;	GetHandleVerifier [0x01082F46+3766214]&#10;	GetHandleVerifier [0x01086721+3780513]&#10;	GetHandleVerifier [0x01086543+3780035]&#10;	GetHandleVerifier [0x01086337+3779511]&#10;	GetHandleVerifier [0x01094540+3837376]&#10;	GetHandleVerifier [0x010CF4BC+4078908]&#10;	GetHandleVerifier [0x010CE56C+4074988]&#10;	GetHandleVerifier [0x010CB2EB+4062059]&#10;	GetHandleVerifier [0x010AED14+3945876]&#10;	GetHandleVerifier [0x010AFBCE+3949646]&#10;	GetHandleVerifier [0x010AFB59+3949529]&#10;	Ordinal0 [0x00CAB5CC+46540]&#10;	Ordinal0 [0x00CA9F53+40787]&#10;	Ordinal0 [0x00CA9B12+39698]&#10;	GetHandleVerifier [0x00FB1468+2907368]&#10;	GetHandleVerifier [0x00DF71EE+1096302]&#10;	GetHandleVerifier [0x00DB3E8D+821005]&#10;	GetHandleVerifier [0x00DB396B+819691]&#10;	GetHandleVerifier [0x00DB3881+819457]&#10;	GetHandleVerifier [0x00DDF463+998627]&#10;	BaseThreadInitThunk [0x75306359+25]&#10;	RtlGetAppContainerNamedObjectPath [0x77A38944+228]&#10;	RtlGetAppContainerNamedObjectPath [0x77A38914+180]&#10;"/>
  </testcase>
  <testcase name="setup" classname="com.crm.qa.testcases.LoginPageTest" time="603.625">
    <failure message="session not created&#10;from timeout: Timed out receiving message from renderer: 600.000&#10;  (Session info: chrome=88.0.4324.104)&#10;Build info: version: &apos;3.141.59&apos;, revision: &apos;e82be7d358&apos;, time: &apos;2018-11-14T08:17:03&apos;&#10;System info: host: &apos;LENOVO-PC&apos;, ip: &apos;192.168.0.220&apos;, os.name: &apos;Windows 10&apos;, os.arch: &apos;amd64&apos;, os.version: &apos;10.0&apos;, java.version: &apos;11.0.9&apos;&#10;Driver info: driver.version: ChromeDriver&#10;remote stacktrace: Backtrace:&#10;	GetHandleVerifier [0x00CEB963+483]&#10;	GetHandleVerifier [0x00CEB941+449]&#10;	GetHandleVerifier [0x01093308+3832712]&#10;	GetHandleVerifier [0x0108778C+3784716]&#10;	GetHandleVerifier [0x01086A47+3781319]&#10;	GetHandleVerifier [0x01086E36+3782326]&#10;	GetHandleVerifier [0x01086765+3780581]&#10;	GetHandleVerifier [0x0108FB21+3818401]&#10;	GetHandleVerifier [0x01086721+3780513]&#10;	GetHandleVerifier [0x010874B2+3783986]&#10;	GetHandleVerifier [0x01086A47+3781319]&#10;	GetHandleVerifier [0x01086E36+3782326]&#10;	GetHandleVerifier [0x01086765+3780581]&#10;	GetHandleVerifier [0x0108DF9C+3811356]&#10;	GetHandleVerifier [0x01086721+3780513]&#10;	GetHandleVerifier [0x010874B2+3783986]&#10;	GetHandleVerifier [0x01086A47+3781319]&#10;	GetHandleVerifier [0x01086E36+3782326]&#10;	GetHandleVerifier [0x01086765+3780581]&#10;	GetHandleVerifier [0x0108C392+3804178]&#10;	GetHandleVerifier [0x01086721+3780513]&#10;	GetHandleVerifier [0x010874B2+3783986]&#10;	GetHandleVerifier [0x01086A47+3781319]&#10;	GetHandleVerifier [0x01086E36+3782326]&#10;	GetHandleVerifier [0x01086765+3780581]&#10;	GetHandleVerifier [0x0108B655+3800789]&#10;	GetHandleVerifier [0x01086721+3780513]&#10;	GetHandleVerifier [0x010874B2+3783986]&#10;	GetHandleVerifier [0x01086A47+3781319]&#10;	GetHandleVerifier [0x01086E36+3782326]&#10;	GetHandleVerifier [0x01086765+3780581]&#10;	GetHandleVerifier [0x01082F46+3766214]&#10;	GetHandleVerifier [0x01086721+3780513]&#10;	GetHandleVerifier [0x01086543+3780035]&#10;	GetHandleVerifier [0x01086337+3779511]&#10;	GetHandleVerifier [0x01094540+3837376]&#10;	GetHandleVerifier [0x010CF4BC+4078908]&#10;	GetHandleVerifier [0x010CE56C+4074988]&#10;	GetHandleVerifier [0x010CB2EB+4062059]&#10;	GetHandleVerifier [0x010AED14+3945876]&#10;	GetHandleVerifier [0x010AFBCE+3949646]&#10;	GetHandleVerifier [0x010AFB59+3949529]&#10;	Ordinal0 [0x00CAB5CC+46540]&#10;	Ordinal0 [0x00CA9F53+40787]&#10;	Ordinal0 [0x00CA9B12+39698]&#10;	GetHandleVerifier [0x00FB1468+2907368]&#10;	GetHandleVerifier [0x00DF71EE+1096302]&#10;	GetHandleVerifier [0x00DB3E8D+821005]&#10;	GetHandleVerifier [0x00DB396B+819691]&#10;	GetHandleVerifier [0x00DB3881+819457]&#10;	GetHandleVerifier [0x00DDF463+998627]&#10;	BaseThreadInitThunk [0x75306359+25]&#10;	RtlGetAppContainerNamedObjectPath [0x77A38944+228]&#10;	RtlGetAppContainerNamedObjectPath [0x77A38914+180]&#10;" type="org.openqa.selenium.SessionNotCreatedException">org.openqa.selenium.SessionNotCreatedException: 
session not created
from timeout: Timed out receiving message from renderer: 600.000
  (Session info: chrome=88.0.4324.104)
Build info: version: '3.141.59', revision: 'e82be7d358', time: '2018-11-14T08:17:03'
System info: host: 'LENOVO-PC', ip: '192.168.0.220', os.name: 'Windows 10', os.arch: 'amd64', os.version: '10.0', java.version: '11.0.9'
Driver info: driver.version: ChromeDriver
remote stacktrace: Backtrace:
	GetHandleVerifier [0x00CEB963+483]
	GetHandleVerifier [0x00CEB941+449]
	GetHandleVerifier [0x01093308+3832712]
	GetHandleVerifier [0x0108778C+3784716]
	GetHandleVerifier [0x01086A47+3781319]
	GetHandleVerifier [0x01086E36+3782326]
	GetHandleVerifier [0x01086765+3780581]
	GetHandleVerifier [0x0108FB21+3818401]
	GetHandleVerifier [0x01086721+3780513]
	GetHandleVerifier [0x010874B2+3783986]
	GetHandleVerifier [0x01086A47+3781319]
	GetHandleVerifier [0x01086E36+3782326]
	GetHandleVerifier [0x01086765+3780581]
	GetHandleVerifier [0x0108DF9C+3811356]
	GetHandleVerifier [0x01086721+3780513]
	GetHandleVerifier [0x010874B2+3783986]
	GetHandleVerifier [0x01086A47+3781319]
	GetHandleVerifier [0x01086E36+3782326]
	GetHandleVerifier [0x01086765+3780581]
	GetHandleVerifier [0x0108C392+3804178]
	GetHandleVerifier [0x01086721+3780513]
	GetHandleVerifier [0x010874B2+3783986]
	GetHandleVerifier [0x01086A47+3781319]
	GetHandleVerifier [0x01086E36+3782326]
	GetHandleVerifier [0x01086765+3780581]
	GetHandleVerifier [0x0108B655+3800789]
	GetHandleVerifier [0x01086721+3780513]
	GetHandleVerifier [0x010874B2+3783986]
	GetHandleVerifier [0x01086A47+3781319]
	GetHandleVerifier [0x01086E36+3782326]
	GetHandleVerifier [0x01086765+3780581]
	GetHandleVerifier [0x01082F46+3766214]
	GetHandleVerifier [0x01086721+3780513]
	GetHandleVerifier [0x01086543+3780035]
	GetHandleVerifier [0x01086337+3779511]
	GetHandleVerifier [0x01094540+3837376]
	GetHandleVerifier [0x010CF4BC+4078908]
	GetHandleVerifier [0x010CE56C+4074988]
	GetHandleVerifier [0x010CB2EB+4062059]
	GetHandleVerifier [0x010AED14+3945876]
	GetHandleVerifier [0x010AFBCE+3949646]
	GetHandleVerifier [0x010AFB59+3949529]
	Ordinal0 [0x00CAB5CC+46540]
	Ordinal0 [0x00CA9F53+40787]
	Ordinal0 [0x00CA9B12+39698]
	GetHandleVerifier [0x00FB1468+2907368]
	GetHandleVerifier [0x00DF71EE+1096302]
	GetHandleVerifier [0x00DB3E8D+821005]
	GetHandleVerifier [0x00DB396B+819691]
	GetHandleVerifier [0x00DB3881+819457]
	GetHandleVerifier [0x00DDF463+998627]
	BaseThreadInitThunk [0x75306359+25]
	RtlGetAppContainerNamedObjectPath [0x77A38944+228]
	RtlGetAppContainerNamedObjectPath [0x77A38914+180]

	at com.crm.qa.testcases.LoginPageTest.setup(LoginPageTest.java:22)
</failure>
    <system-err><![CDATA[Starting ChromeDriver 88.0.4324.96 (68dba2d8a0b149a1d3afac56fa74648032bcf46b-refs/branch-heads/4324@{#1784}) on port 12777
Only local connections are allowed.
Please see https://chromedriver.chromium.org/security-considerations for suggestions on keeping ChromeDriver safe.
ChromeDriver was started successfully.
[1612790436.258][SEVERE]: Timed out receiving message from renderer: 600.000
]]></system-err>
  </testcase>
  <testcase name="setup" classname="com.crm.qa.testcases.LoginPageTest" time="0">
    <skipped/>
  </testcase>
  <testcase name="loginPageTitleTest" classname="com.crm.qa.testcases.LoginPageTest" time="0">
    <skipped message="session not created&#10;from timeout: Timed out receiving message from renderer: 600.000&#10;  (Session info: chrome=88.0.4324.104)&#10;Build info: version: &apos;3.141.59&apos;, revision: &apos;e82be7d358&apos;, time: &apos;2018-11-14T08:17:03&apos;&#10;System info: host: &apos;LENOVO-PC&apos;, ip: &apos;192.168.0.220&apos;, os.name: &apos;Windows 10&apos;, os.arch: &apos;amd64&apos;, os.version: &apos;10.0&apos;, java.version: &apos;11.0.9&apos;&#10;Driver info: driver.version: ChromeDriver&#10;remote stacktrace: Backtrace:&#10;	GetHandleVerifier [0x00CEB963+483]&#10;	GetHandleVerifier [0x00CEB941+449]&#10;	GetHandleVerifier [0x01093308+3832712]&#10;	GetHandleVerifier [0x0108778C+3784716]&#10;	GetHandleVerifier [0x01086A47+3781319]&#10;	GetHandleVerifier [0x01086E36+3782326]&#10;	GetHandleVerifier [0x01086765+3780581]&#10;	GetHandleVerifier [0x0108FB21+3818401]&#10;	GetHandleVerifier [0x01086721+3780513]&#10;	GetHandleVerifier [0x010874B2+3783986]&#10;	GetHandleVerifier [0x01086A47+3781319]&#10;	GetHandleVerifier [0x01086E36+3782326]&#10;	GetHandleVerifier [0x01086765+3780581]&#10;	GetHandleVerifier [0x0108DF9C+3811356]&#10;	GetHandleVerifier [0x01086721+3780513]&#10;	GetHandleVerifier [0x010874B2+3783986]&#10;	GetHandleVerifier [0x01086A47+3781319]&#10;	GetHandleVerifier [0x01086E36+3782326]&#10;	GetHandleVerifier [0x01086765+3780581]&#10;	GetHandleVerifier [0x0108C392+3804178]&#10;	GetHandleVerifier [0x01086721+3780513]&#10;	GetHandleVerifier [0x010874B2+3783986]&#10;	GetHandleVerifier [0x01086A47+3781319]&#10;	GetHandleVerifier [0x01086E36+3782326]&#10;	GetHandleVerifier [0x01086765+3780581]&#10;	GetHandleVerifier [0x0108B655+3800789]&#10;	GetHandleVerifier [0x01086721+3780513]&#10;	GetHandleVerifier [0x010874B2+3783986]&#10;	GetHandleVerifier [0x01086A47+3781319]&#10;	GetHandleVerifier [0x01086E36+3782326]&#10;	GetHandleVerifier [0x01086765+3780581]&#10;	GetHandleVerifier [0x01082F46+3766214]&#10;	GetHandleVerifier [0x01086721+3780513]&#10;	GetHandleVerifier [0x01086543+3780035]&#10;	GetHandleVerifier [0x01086337+3779511]&#10;	GetHandleVerifier [0x01094540+3837376]&#10;	GetHandleVerifier [0x010CF4BC+4078908]&#10;	GetHandleVerifier [0x010CE56C+4074988]&#10;	GetHandleVerifier [0x010CB2EB+4062059]&#10;	GetHandleVerifier [0x010AED14+3945876]&#10;	GetHandleVerifier [0x010AFBCE+3949646]&#10;	GetHandleVerifier [0x010AFB59+3949529]&#10;	Ordinal0 [0x00CAB5CC+46540]&#10;	Ordinal0 [0x00CA9F53+40787]&#10;	Ordinal0 [0x00CA9B12+39698]&#10;	GetHandleVerifier [0x00FB1468+2907368]&#10;	GetHandleVerifier [0x00DF71EE+1096302]&#10;	GetHandleVerifier [0x00DB3E8D+821005]&#10;	GetHandleVerifier [0x00DB396B+819691]&#10;	GetHandleVerifier [0x00DB3881+819457]&#10;	GetHandleVerifier [0x00DDF463+998627]&#10;	BaseThreadInitThunk [0x75306359+25]&#10;	RtlGetAppContainerNamedObjectPath [0x77A38944+228]&#10;	RtlGetAppContainerNamedObjectPath [0x77A38914+180]&#10;"/>
  </testcase>
  <testcase name="tearDown" classname="com.crm.qa.testcases.LoginPageTest" time="0">
    <skipped/>
  </testcase>
  <testcase name="tearDown" classname="com.crm.qa.testcases.LoginPageTest" time="0">
    <skipped/>
  </testcase>
  <testcase name="loginFunc" classname="com.crm.qa.testcases.LoginPageTest" time="0">
    <skipped message="session not created&#10;from timeout: Timed out receiving message from renderer: 600.000&#10;  (Session info: chrome=88.0.4324.104)&#10;Build info: version: &apos;3.141.59&apos;, revision: &apos;e82be7d358&apos;, time: &apos;2018-11-14T08:17:03&apos;&#10;System info: host: &apos;LENOVO-PC&apos;, ip: &apos;192.168.0.220&apos;, os.name: &apos;Windows 10&apos;, os.arch: &apos;amd64&apos;, os.version: &apos;10.0&apos;, java.version: &apos;11.0.9&apos;&#10;Driver info: driver.version: ChromeDriver&#10;remote stacktrace: Backtrace:&#10;	GetHandleVerifier [0x00CEB963+483]&#10;	GetHandleVerifier [0x00CEB941+449]&#10;	GetHandleVerifier [0x01093308+3832712]&#10;	GetHandleVerifier [0x0108778C+3784716]&#10;	GetHandleVerifier [0x01086A47+3781319]&#10;	GetHandleVerifier [0x01086E36+3782326]&#10;	GetHandleVerifier [0x01086765+3780581]&#10;	GetHandleVerifier [0x0108FB21+3818401]&#10;	GetHandleVerifier [0x01086721+3780513]&#10;	GetHandleVerifier [0x010874B2+3783986]&#10;	GetHandleVerifier [0x01086A47+3781319]&#10;	GetHandleVerifier [0x01086E36+3782326]&#10;	GetHandleVerifier [0x01086765+3780581]&#10;	GetHandleVerifier [0x0108DF9C+3811356]&#10;	GetHandleVerifier [0x01086721+3780513]&#10;	GetHandleVerifier [0x010874B2+3783986]&#10;	GetHandleVerifier [0x01086A47+3781319]&#10;	GetHandleVerifier [0x01086E36+3782326]&#10;	GetHandleVerifier [0x01086765+3780581]&#10;	GetHandleVerifier [0x0108C392+3804178]&#10;	GetHandleVerifier [0x01086721+3780513]&#10;	GetHandleVerifier [0x010874B2+3783986]&#10;	GetHandleVerifier [0x01086A47+3781319]&#10;	GetHandleVerifier [0x01086E36+3782326]&#10;	GetHandleVerifier [0x01086765+3780581]&#10;	GetHandleVerifier [0x0108B655+3800789]&#10;	GetHandleVerifier [0x01086721+3780513]&#10;	GetHandleVerifier [0x010874B2+3783986]&#10;	GetHandleVerifier [0x01086A47+3781319]&#10;	GetHandleVerifier [0x01086E36+3782326]&#10;	GetHandleVerifier [0x01086765+3780581]&#10;	GetHandleVerifier [0x01082F46+3766214]&#10;	GetHandleVerifier [0x01086721+3780513]&#10;	GetHandleVerifier [0x01086543+3780035]&#10;	GetHandleVerifier [0x01086337+3779511]&#10;	GetHandleVerifier [0x01094540+3837376]&#10;	GetHandleVerifier [0x010CF4BC+4078908]&#10;	GetHandleVerifier [0x010CE56C+4074988]&#10;	GetHandleVerifier [0x010CB2EB+4062059]&#10;	GetHandleVerifier [0x010AED14+3945876]&#10;	GetHandleVerifier [0x010AFBCE+3949646]&#10;	GetHandleVerifier [0x010AFB59+3949529]&#10;	Ordinal0 [0x00CAB5CC+46540]&#10;	Ordinal0 [0x00CA9F53+40787]&#10;	Ordinal0 [0x00CA9B12+39698]&#10;	GetHandleVerifier [0x00FB1468+2907368]&#10;	GetHandleVerifier [0x00DF71EE+1096302]&#10;	GetHandleVerifier [0x00DB3E8D+821005]&#10;	GetHandleVerifier [0x00DB396B+819691]&#10;	GetHandleVerifier [0x00DB3881+819457]&#10;	GetHandleVerifier [0x00DDF463+998627]&#10;	BaseThreadInitThunk [0x75306359+25]&#10;	RtlGetAppContainerNamedObjectPath [0x77A38944+228]&#10;	RtlGetAppContainerNamedObjectPath [0x77A38914+180]&#10;"/>
  </testcase>
</testsuite>