<?xml version="1.0" encoding="UTF-8"?>
<!-- Generated by org.testng.reporters.JUnitReportReporter -->
<testsuite hostname="Lenovo-PC" failures="0" tests="2" name="com.crm.qa.testcases.LoginPageTest" time="28.667" errors="0" timestamp="2021-01-11T04:11:15 GMT" skipped="0">
  <testcase classname="com.crm.qa.testcases.LoginPageTest" name="loginPageTitleTest" time="15.126"/>
  <system-out/>
  <testcase classname="com.crm.qa.testcases.LoginPageTest" name="loginFunc" time="13.541"/>
  <system-out/>
</testsuite> <!-- com.crm.qa.testcases.LoginPageTest -->
